app/build /outputs/logs/manifest-merger-debug-report.txt
-- Merging decision tree log ---
manifest
ADDED from src/main/AndroidManifest.xml:2:1-171:12
INJECTED from src/main/AndroidManifest.xml:2:1-171:12
INJECTED from src/main/AndroidManifest.xml:2:1-171:12
INJECTED from src/main/AndroidManifest.xml:2:1-171:12
MERGED from [:aserbaoffmpeg] AndroidManifest.xml:2:1-15:12
MERGED from [com.airbnb.android:lottie:2.7.0] AndroidManifest.xml:2:1-13:12
MERGED from [com.android.support:appcompat-v7:28.0.0] AndroidManifest.xml:17:1-22:12
MERGED from [com.android.support.constraint:constraint-layout:1.1.2] AndroidManifest.xml:2:1-11:12
MERGED from [com.hjq:xxpermissions:3.8] AndroidManifest.xml:2:1-11:12
MERGED from [com.github.bumptech.glide:glide:4.8.0] AndroidManifest.xml:2:1-12:12
MERGED from [com.jakewharton:butterknife:8.4.0] AndroidManifest.xml:2:1-7:12
MERGED from [cn.jzvd:jiaozivideoplayer:6.2.12] AndroidManifest.xml:2:1-13:12
MERGED from [com.google.android.exoplayer:exoplayer:2.8.4] AndroidManifest.xml:17:1-24:12
MERGED from [net.zetetic:android-database-sqlcipher:3.5.6] AndroidManifest.xml:2:1-4:12
MERGED from [com.android.support:recyclerview-v7:28.0.0-rc01] AndroidManifest.xml:17:1-22:12
MERGED from [com.android.support:cardview-v7:28.0.0-rc01] AndroidManifest.xml:17:1-22:12
MERGED from [com.github.bumptech.glide:gifdecoder:4.8.0] AndroidManifest.xml:2:1-11:12
MERGED from [com.google.android.exoplayer:exoplayer-dash:2.8.4] AndroidManifest.xml:17:1-24:12
MERGED from [com.google.android.exoplayer:exoplayer-hls:2.8.4] AndroidManifest.xml:17:1-24:12
MERGED from [com.google.android.exoplayer:exoplayer-smoothstreaming:2.8.4] AndroidManifest.xml:17:1-24:12
MERGED from [com.google.android.exoplayer:exoplayer-ui:2.8.4] AndroidManifest.xml:17:1-24:12
MERGED from [com.google.android.exoplayer:exoplayer-core:2.8.4] AndroidManifest.xml:17:1-26:12
MERGED from [com.android.support:support-media-compat:27.0.0] AndroidManifest.xml:17:1-22:12
MERGED from [com.android.support:support-fragment:28.0.0] AndroidManifest.xml:17:1-22:12
MERGED from [com.android.support:animated-vector-drawable:28.0.0] AndroidManifest.xml:17:1-22:12
MERGED from [com.android.support:support-core-ui:28.0.0] AndroidManifest.xml:17:1-22:12
MERGED from [com.android.support:support-core-utils:28.0.0] AndroidManifest.xml:17:1-22:12
MERGED from [com.android.support:loader:28.0.0] AndroidManifest.xml:17:1-22:12
MERGED from [android.arch.lifecycle:viewmodel:1.1.1] AndroidManifest.xml:17:1-22:12
MERGED from [android.arch.lifecycle:livedata:1.1.1] AndroidManifest.xml:17:1-22:12
MERGED from [android.arch.lifecycle:livedata-core:1.1.1] AndroidManifest.xml:17:1-22:12
MERGED from [android.arch.core:runtime:1.1.1] AndroidManifest.xml:17:1-22:12
MERGED from [com.android.support:support-vector-drawable:28.0.0] AndroidManifest.xml:17:1-22:12
MERGED from [com.android.support:viewpager:28.0.0] AndroidManifest.xml:17:1-22:12
MERGED from [com.android.support:coordinatorlayout:28.0.0] AndroidManifest.xml:17:1-22:12
MERGED from [com.android.support:drawerlayout:28.0.0] AndroidManifest.xml:17:1-22:12
MERGED from [com.android.support:slidingpanelayout:28.0.0] AndroidManifest.xml:17:1-22:12
MERGED from [com.android.support:customview:28.0.0] AndroidManifest.xml:17:1-22:12
MERGED from [com.android.support:swiperefreshlayout:28.0.0] AndroidManifest.xml:17:1-22:12
MERGED from [com.android.support:asynclayoutinflater:28.0.0] AndroidManifest.xml:17:1-22:12
MERGED from [com.android.support:support-compat:28.0.0] AndroidManifest.xml:17:1-24:12
MERGED from [android.arch.lifecycle:runtime:1.1.1] AndroidManifest.xml:17:1-22:12
MERGED from [com.android.support:versionedparcelable:28.0.0] AndroidManifest.xml:17:1-25:12
MERGED from [com.android.support:documentfile:28.0.0] AndroidManifest.xml:17:1-22:12
MERGED from [com.android.support:localbroadcastmanager:28.0.0] AndroidManifest.xml:17:1-22:12
MERGED from [com.android.support:print:28.0.0] AndroidManifest.xml:17:1-22:12
MERGED from [com.android.support:cursoradapter:28.0.0] AndroidManifest.xml:17:1-22:12
MERGED from [com.android.support:interpolator:28.0.0] AndroidManifest.xml:17:1-22:12
INJECTED from src/main/AndroidManifest.xml:2:1-171:12
INJECTED from src/main/AndroidManifest.xml:2:1-171:12
INJECTED from src/main/AndroidManifest.xml:2:1-171:12
	package
		ADDED from src/main/AndroidManifest.xml:3:5-42
		INJECTED from src/main/AndroidManifest.xml
		INJECTED from src/main/AndroidManifest.xml
	android:versionName
		INJECTED from src/main/AndroidManifest.xml
		ADDED from src/main/AndroidManifest.xml:2:1-171:12
		INJECTED from src/main/AndroidManifest.xml
	android:versionCode
		INJECTED from src/main/AndroidManifest.xml
		ADDED from src/main/AndroidManifest.xml:2:1-171:12
		INJECTED from src/main/AndroidManifest.xml
	xmlns:android
		ADDED from src/main/AndroidManifest.xml:2:11-69
uses-feature#0x00020000
ADDED from src/main/AndroidManifest.xml:5:5-7:35
	android:glEsVersion
		ADDED from src/main/AndroidManifest.xml:6:9-41
	android:required
		ADDED from src/main/AndroidManifest.xml:7:9-32
uses-permission#android.permission.VIBRATE
ADDED from src/main/AndroidManifest.xml:9:5-66
	android:name
		ADDED from src/main/AndroidManifest.xml:9:22-63
uses-permission#android.permission.INTERNET
ADDED from src/main/AndroidManifest.xml:10:5-67
	android:name
		ADDED from src/main/AndroidManifest.xml:10:22-64
uses-permission#android.permission.CAMERA
ADDED from src/main/AndroidManifest.xml:11:5-65
	android:name
		ADDED from src/main/AndroidManifest.xml:11:22-62
uses-permission#android.permission.READ_PHONE_STATE
ADDED from src/main/AndroidManifest.xml:12:5-75
	android:name
		ADDED from src/main/AndroidManifest.xml:12:22-72
uses-permission#android.permission.READ_SMS
ADDED from src/main/AndroidManifest.xml:13:5-67
	android:name
		ADDED from src/main/AndroidManifest.xml:13:22-64
uses-permission#android.permission.RECORD_AUDIO
ADDED from src/main/AndroidManifest.xml:14:5-71
	android:name
		ADDED from src/main/AndroidManifest.xml:14:22-68
uses-permission#android.permission.CALL_PHONE
ADDED from src/main/AndroidManifest.xml:15:5-69
	android:name
		ADDED from src/main/AndroidManifest.xml:15:22-66
uses-permission#android.permission.WRITE_EXTERNAL_STORAGE
ADDED from src/main/AndroidManifest.xml:16:5-81
	android:name
		ADDED from src/main/AndroidManifest.xml:16:22-78
uses-feature#android.hardware.camera
ADDED from src/main/AndroidManifest.xml:18:5-20:35
	android:required
		ADDED from src/main/AndroidManifest.xml:20:9-32
	android:name
		ADDED from src/main/AndroidManifest.xml:19:9-47
uses-feature#android.hardware.camera.autofocus
ADDED from src/main/AndroidManifest.xml:21:5-23:36
	android:required
		ADDED from src/main/AndroidManifest.xml:23:9-33
	android:name
		ADDED from src/main/AndroidManifest.xml:22:9-57
application
ADDED from src/main/AndroidManifest.xml:25:5-169:19
MERGED from [:aserbaoffmpeg] AndroidManifest.xml:11:5-13:19
MERGED from [:aserbaoffmpeg] AndroidManifest.xml:11:5-13:19
MERGED from [com.airbnb.android:lottie:2.7.0] AndroidManifest.xml:11:5-20
MERGED from [com.airbnb.android:lottie:2.7.0] AndroidManifest.xml:11:5-20
MERGED from [com.android.support.constraint:constraint-layout:1.1.2] AndroidManifest.xml:9:5-20
MERGED from [com.android.support.constraint:constraint-layout:1.1.2] AndroidManifest.xml:9:5-20
MERGED from [com.github.bumptech.glide:glide:4.8.0] AndroidManifest.xml:10:5-20
MERGED from [com.github.bumptech.glide:glide:4.8.0] AndroidManifest.xml:10:5-20
MERGED from [com.github.bumptech.glide:gifdecoder:4.8.0] AndroidManifest.xml:9:5-20
MERGED from [com.github.bumptech.glide:gifdecoder:4.8.0] AndroidManifest.xml:9:5-20
MERGED from [com.android.support:support-compat:28.0.0] AndroidManifest.xml:22:5-94
MERGED from [com.android.support:support-compat:28.0.0] AndroidManifest.xml:22:5-94
MERGED from [com.android.support:versionedparcelable:28.0.0] AndroidManifest.xml:22:5-23:19
MERGED from [com.android.support:versionedparcelable:28.0.0] AndroidManifest.xml:22:5-23:19
	android:appComponentFactory
		ADDED from [com.android.support:support-compat:28.0.0] AndroidManifest.xml:22:18-91
	android:supportsRtl
		ADDED from src/main/AndroidManifest.xml:31:9-35
	android:label
		ADDED from src/main/AndroidManifest.xml:29:9-41
	android:roundIcon
		ADDED from src/main/AndroidManifest.xml:30:9-54
	android:icon
		ADDED from src/main/AndroidManifest.xml:28:9-43
	android:allowBackup
		ADDED from src/main/AndroidManifest.xml:27:9-35
	android:theme
		ADDED from src/main/AndroidManifest.xml:32:9-40
	android:name
		ADDED from src/main/AndroidManifest.xml:26:9-43
activity#com.aserbao.aserbaosandroid.WelcomeActivity
ADDED from src/main/AndroidManifest.xml:33:9-53
	android:name
		ADDED from src/main/AndroidManifest.xml:33:19-50
activity#com.aserbao.aserbaosandroid.Cameratest.OneCameraActivity
ADDED from src/main/AndroidManifest.xml:34:9-66
	android:name
		ADDED from src/main/AndroidManifest.xml:34:19-63
activity#com.aserbao.aserbaosandroid.opengl.OpenGlActivity
ADDED from src/main/AndroidManifest.xml:35:9-59
	android:name
		ADDED from src/main/AndroidManifest.xml:35:19-56
activity#com.aserbao.aserbaosandroid.ui.recyclerview.RecyclerViewActivity
ADDED from src/main/AndroidManifest.xml:36:9-74
	android:name
		ADDED from src/main/AndroidManifest.xml:36:19-71
activity#com.aserbao.aserbaosandroid.HomeActivity
ADDED from src/main/AndroidManifest.xml:37:9-43:20
	android:name
		ADDED from src/main/AndroidManifest.xml:37:19-47
intent-filter#action:name:android.intent.action.MAIN+category:name:android.intent.category.LAUNCHER
ADDED from src/main/AndroidManifest.xml:38:13-42:29
action#android.intent.action.MAIN
ADDED from src/main/AndroidManifest.xml:39:17-69
	android:name
		ADDED from src/main/AndroidManifest.xml:39:25-66
category#android.intent.category.LAUNCHER
ADDED from src/main/AndroidManifest.xml:41:17-77
	android:name
		ADDED from src/main/AndroidManifest.xml:41:27-74
activity#com.aserbao.aserbaosandroid.opengl.OneOpenGl.OneOpenGlActivity
ADDED from src/main/AndroidManifest.xml:44:9-72
	android:name
		ADDED from src/main/AndroidManifest.xml:44:19-69
activity#com.aserbao.aserbaosandroid.opengl.openGlCamera.FuCameraActivity
ADDED from src/main/AndroidManifest.xml:45:9-74
	android:name
		ADDED from src/main/AndroidManifest.xml:45:19-71
activity#com.aserbao.aserbaosandroid.opengl.openGlCamera.OpenGlAnimationCamera
ADDED from src/main/AndroidManifest.xml:46:9-79
	android:name
		ADDED from src/main/AndroidManifest.xml:46:19-76
activity#com.aserbao.aserbaosandroid.opengl.openGlCamera.simpleCameraOpengl.simpleCamera.CameraSurfaceViewShowActivity
ADDED from src/main/AndroidManifest.xml:47:9-119
	android:name
		ADDED from src/main/AndroidManifest.xml:47:19-116
activity#com.aserbao.aserbaosandroid.base.BaseActivity
ADDED from src/main/AndroidManifest.xml:48:9-55
	android:name
		ADDED from src/main/AndroidManifest.xml:48:19-52
activity#com.aserbao.aserbaosandroid.opengl.openGlCamera.FilterCameraActivity
ADDED from src/main/AndroidManifest.xml:49:9-78
	android:name
		ADDED from src/main/AndroidManifest.xml:49:19-75
activity#com.aserbao.aserbaosandroid.opengl.openGlCamera.simpleCameraOpengl.simpleOne.CameraOpenglActivity
ADDED from src/main/AndroidManifest.xml:50:9-107
	android:name
		ADDED from src/main/AndroidManifest.xml:50:19-104
activity#com.aserbao.aserbaosandroid.opengl.openGlCamera.simpleCameraOpengl.simpleFilter.SimpleFilterCameraActivity
ADDED from src/main/AndroidManifest.xml:51:9-116
	android:name
		ADDED from src/main/AndroidManifest.xml:51:19-113
activity#com.aserbao.aserbaosandroid.designMode.strategyMode.StrategyActivity
ADDED from src/main/AndroidManifest.xml:52:9-78
	android:name
		ADDED from src/main/AndroidManifest.xml:52:19-75
activity#com.aserbao.aserbaosandroid.designMode.DesignModeActivity
ADDED from src/main/AndroidManifest.xml:53:9-67
	android:name
		ADDED from src/main/AndroidManifest.xml:53:19-64
activity#com.aserbao.aserbaosandroid.designMode.observerMode.ObserverActivity
ADDED from src/main/AndroidManifest.xml:54:9-78
	android:name
		ADDED from src/main/AndroidManifest.xml:54:19-75
activity#com.aserbao.aserbaosandroid.AudioAndVideo.media.MediaActivity
ADDED from src/main/AndroidManifest.xml:55:9-71
	android:name
		ADDED from src/main/AndroidManifest.xml:55:19-68
activity#com.aserbao.aserbaosandroid.AudioAndVideo.media.videoView.VideoViewActivity
ADDED from src/main/AndroidManifest.xml:56:9-85
	android:name
		ADDED from src/main/AndroidManifest.xml:56:19-82
activity#com.aserbao.aserbaosandroid.opengl.openGlCamera.simpleCameraOpengl.simpleCamera.CameraTextureViewShowActivity
ADDED from src/main/AndroidManifest.xml:57:9-119
	android:name
		ADDED from src/main/AndroidManifest.xml:57:19-116
activity#com.aserbao.aserbaosandroid.opengl.openGlCamera.simpleCameraOpengl.simpleCamera.CameraShowActivity
ADDED from src/main/AndroidManifest.xml:58:9-108
	android:name
		ADDED from src/main/AndroidManifest.xml:58:19-105
activity#com.aserbao.aserbaosandroid.opengl.openGlCamera.simpleCameraOpengl.simpleCamera.CameraGlSurfaceShowActivity
ADDED from src/main/AndroidManifest.xml:59:9-117
	android:name
		ADDED from src/main/AndroidManifest.xml:59:19-114
activity#com.aserbao.aserbaosandroid.ui.customView.CustomViewActivity
ADDED from src/main/AndroidManifest.xml:60:9-70
	android:name
		ADDED from src/main/AndroidManifest.xml:60:19-67
activity#com.aserbao.aserbaosandroid.AudioAndVideo.media.audio.AudioRecordActivity
ADDED from src/main/AndroidManifest.xml:61:9-83
	android:name
		ADDED from src/main/AndroidManifest.xml:61:19-80
activity#com.aserbao.aserbaosandroid.designMode.decoratorPattern.DecoratorActivity
ADDED from src/main/AndroidManifest.xml:62:9-83
	android:name
		ADDED from src/main/AndroidManifest.xml:62:19-80
activity#com.aserbao.aserbaosandroid.AudioAndVideo.media.mediaplayer.MediaPlayerActivity
ADDED from src/main/AndroidManifest.xml:63:9-89
	android:name
		ADDED from src/main/AndroidManifest.xml:63:19-86
activity#com.aserbao.aserbaosandroid.opengl.openGlCamera.recordCamera.RecordCameraActivity
ADDED from src/main/AndroidManifest.xml:64:9-66:66
	android:theme
		ADDED from src/main/AndroidManifest.xml:66:13-63
	android:name
		ADDED from src/main/AndroidManifest.xml:65:13-82
activity#com.aserbao.aserbaosandroid.AudioAndVideo.media.mediaMuxer.MediaMuxerActivity
ADDED from src/main/AndroidManifest.xml:67:9-87
	android:name
		ADDED from src/main/AndroidManifest.xml:67:19-84
activity#com.aserbao.aserbaosandroid.designMode.factoryMode.FactoryActivity
ADDED from src/main/AndroidManifest.xml:68:9-76
	android:name
		ADDED from src/main/AndroidManifest.xml:68:19-73
activity#com.aserbao.aserbaosandroid.ui.recyclerview.aEffect.EffectRVActivity
ADDED from src/main/AndroidManifest.xml:69:9-78
	android:name
		ADDED from src/main/AndroidManifest.xml:69:19-75
activity#com.aserbao.aserbaosandroid.AudioAndVideo.media.mediacodec.mcRecordVideo.MCRecordVideoActivity
ADDED from src/main/AndroidManifest.xml:70:9-104
	android:name
		ADDED from src/main/AndroidManifest.xml:70:19-101
activity#com.aserbao.aserbaosandroid.AudioAndVideo.media.mediacodec.MediaCodecActivity
ADDED from src/main/AndroidManifest.xml:71:9-87
	android:name
		ADDED from src/main/AndroidManifest.xml:71:19-84
activity#com.aserbao.aserbaosandroid.ui.rv.RecyclerViewActivity
ADDED from src/main/AndroidManifest.xml:72:9-64
	android:name
		ADDED from src/main/AndroidManifest.xml:72:19-61
activity#com.aserbao.aserbaosandroid.ui.UIActivity
ADDED from src/main/AndroidManifest.xml:73:9-51
	android:name
		ADDED from src/main/AndroidManifest.xml:73:19-48
activity#com.aserbao.aserbaosandroid.ui.colorPicker.ColorPickerActivity
ADDED from src/main/AndroidManifest.xml:74:9-72
	android:name
		ADDED from src/main/AndroidManifest.xml:74:19-69
activity#com.aserbao.aserbaosandroid.ui.rv.moveToDeleteRecyclerView.MoveToDeleteActivity
ADDED from src/main/AndroidManifest.xml:75:9-89
	android:name
		ADDED from src/main/AndroidManifest.xml:75:19-86
activity#com.aserbao.aserbaosandroid.ui.texts.editTexts.EditTextsActivity
ADDED from src/main/AndroidManifest.xml:76:9-74
	android:name
		ADDED from src/main/AndroidManifest.xml:76:19-71
activity#com.aserbao.aserbaosandroid.ui.texts.editTexts.softHeightMeasure.SoftHeightMeasureActivity
ADDED from src/main/AndroidManifest.xml:77:9-80:72
	android:windowSoftInputMode
		ADDED from src/main/AndroidManifest.xml:80:13-69
	android:theme
		ADDED from src/main/AndroidManifest.xml:79:13-69
	android:name
		ADDED from src/main/AndroidManifest.xml:78:13-91
activity#com.aserbao.aserbaosandroid.ui.rv.commonRecyclerView.CommonRecyclerViewActivity
ADDED from src/main/AndroidManifest.xml:82:9-89
	android:name
		ADDED from src/main/AndroidManifest.xml:82:19-86
activity#com.aserbao.aserbaosandroid.functions.FunctionsActivity
ADDED from src/main/AndroidManifest.xml:83:9-65
	android:name
		ADDED from src/main/AndroidManifest.xml:83:19-62
activity#com.aserbao.aserbaosandroid.functions.jumpSystemSetting.JumpSystemSettingActivity
ADDED from src/main/AndroidManifest.xml:84:9-91
	android:name
		ADDED from src/main/AndroidManifest.xml:84:19-88
activity#com.aserbao.aserbaosandroid.ui.rv.commonRecyclerView.baseAdapter.BaseAdapterActivity
ADDED from src/main/AndroidManifest.xml:85:9-94
	android:name
		ADDED from src/main/AndroidManifest.xml:85:19-91
activity#com.aserbao.aserbaosandroid.ui.toasts.ToastActivity
ADDED from src/main/AndroidManifest.xml:86:9-61
	android:name
		ADDED from src/main/AndroidManifest.xml:86:19-58
activity#com.aserbao.aserbaosandroid.ui.toasts.aCustomToast.ACustomToastActivity
ADDED from src/main/AndroidManifest.xml:87:9-81
	android:name
		ADDED from src/main/AndroidManifest.xml:87:19-78
activity#com.aserbao.aserbaosandroid.functions.events.EventDealActivity
ADDED from src/main/AndroidManifest.xml:88:9-72
	android:name
		ADDED from src/main/AndroidManifest.xml:88:19-69
activity#com.aserbao.aserbaosandroid.functions.events.scrollEvent.ScrollEventActivity
ADDED from src/main/AndroidManifest.xml:89:9-86
	android:name
		ADDED from src/main/AndroidManifest.xml:89:19-83
activity#com.aserbao.aserbaosandroid.AudioAndVideo.media.exoplayer.ExoPlayerPActivity
ADDED from src/main/AndroidManifest.xml:90:9-86
	android:name
		ADDED from src/main/AndroidManifest.xml:90:19-83
activity#com.aserbao.aserbaosandroid.AudioAndVideo.media.exoplayer.playerlist.PlayListActivity
ADDED from src/main/AndroidManifest.xml:91:9-95
	android:name
		ADDED from src/main/AndroidManifest.xml:91:19-92
activity#com.aserbao.aserbaosandroid.ui.texts.textViews.TextViewsActivity
ADDED from src/main/AndroidManifest.xml:92:9-74
	android:name
		ADDED from src/main/AndroidManifest.xml:92:19-71
activity#com.aserbao.aserbaosandroid.ui.texts.textViews.shadowText.TextShadowActivity
ADDED from src/main/AndroidManifest.xml:93:9-86
	android:name
		ADDED from src/main/AndroidManifest.xml:93:19-83
activity#com.aserbao.aserbaosandroid.functions.cache.CacheActivity
ADDED from src/main/AndroidManifest.xml:94:9-67
	android:name
		ADDED from src/main/AndroidManifest.xml:94:19-64
activity#com.aserbao.aserbaosandroid.functions.cache.aSimpleCache.ASimpleCacheActivity
ADDED from src/main/AndroidManifest.xml:95:9-87
	android:name
		ADDED from src/main/AndroidManifest.xml:95:19-84
activity#com.aserbao.aserbaosandroid.ui.texts.editTexts.autoAdjustSoftHeight.fullScreen.AutoAdjustSoftHeightActivity
ADDED from src/main/AndroidManifest.xml:96:9-98:75
	android:windowSoftInputMode
		ADDED from src/main/AndroidManifest.xml:98:13-72
	android:name
		ADDED from src/main/AndroidManifest.xml:97:13-108
activity#com.aserbao.aserbaosandroid.ui.constantUtilsShow.ConstantsUtilsShowActivity
ADDED from src/main/AndroidManifest.xml:99:9-85
	android:name
		ADDED from src/main/AndroidManifest.xml:99:19-82
activity#com.aserbao.aserbaosandroid.ui.texts.editTexts.autoAdjustSoftHeight.fullScreen.OneEditTextFullScreenActivity
ADDED from src/main/AndroidManifest.xml:100:9-102:58
	android:windowSoftInputMode
		ADDED from src/main/AndroidManifest.xml:102:13-55
	android:name
		ADDED from src/main/AndroidManifest.xml:101:13-109
activity#com.aserbao.aserbaosandroid.ui.texts.editTexts.autoAdjustSoftHeight.FullDragDemoActivity
ADDED from src/main/AndroidManifest.xml:103:9-98
	android:name
		ADDED from src/main/AndroidManifest.xml:103:19-95
activity#com.aserbao.aserbaosandroid.ui.simpleDraw.SimpleDrawActivity
ADDED from src/main/AndroidManifest.xml:104:9-70
	android:name
		ADDED from src/main/AndroidManifest.xml:104:19-67
activity#com.aserbao.aserbaosandroid.ui.texts.TextsActivity
ADDED from src/main/AndroidManifest.xml:105:9-60
	android:name
		ADDED from src/main/AndroidManifest.xml:105:19-57
activity#com.aserbao.aserbaosandroid.ui.texts.textViews.picTxt.PicTxtActivity
ADDED from src/main/AndroidManifest.xml:106:9-108:57
	android:windowSoftInputMode
		ADDED from src/main/AndroidManifest.xml:108:13-54
	android:name
		ADDED from src/main/AndroidManifest.xml:107:13-69
activity#com.aserbao.aserbaosandroid.ui.texts.textViews.htmlText.HtmlTextActivity
ADDED from src/main/AndroidManifest.xml:109:9-82
	android:name
		ADDED from src/main/AndroidManifest.xml:109:19-79
activity#com.aserbao.aserbaosandroid.component.activitys.ActivitySummary
ADDED from src/main/AndroidManifest.xml:110:9-73
	android:name
		ADDED from src/main/AndroidManifest.xml:110:19-70
activity#com.aserbao.aserbaosandroid.component.activitys.lifeCycle.LifeCycleActivity
ADDED from src/main/AndroidManifest.xml:111:9-85
	android:name
		ADDED from src/main/AndroidManifest.xml:111:19-82
activity#com.aserbao.aserbaosandroid.component.activitys.lifeCycle.LifeCycle2Activity
ADDED from src/main/AndroidManifest.xml:112:9-86
	android:name
		ADDED from src/main/AndroidManifest.xml:112:19-83
activity#com.aserbao.aserbaosandroid.component.activitys.lifeCycle.LifeCycle3Activity
ADDED from src/main/AndroidManifest.xml:113:9-86
	android:name
		ADDED from src/main/AndroidManifest.xml:113:19-83
activity#com.aserbao.aserbaosandroid.ui.texts.textViews.simple.SimpleTextViewActivity
ADDED from src/main/AndroidManifest.xml:114:9-86
	android:name
		ADDED from src/main/AndroidManifest.xml:114:19-83
activity#com.aserbao.aserbaosandroid.functions.database.greenDao.GreenDaoSimpleActivity
ADDED from src/main/AndroidManifest.xml:115:9-88
	android:name
		ADDED from src/main/AndroidManifest.xml:115:19-85
activity#com.aserbao.aserbaosandroid.functions.database.DataBaseActivity
ADDED from src/main/AndroidManifest.xml:116:9-125:20
	android:name
		ADDED from src/main/AndroidManifest.xml:116:19-70
activity#com.aserbao.aserbaosandroid.functions.database.mySql.MySqlActivity
ADDED from src/main/AndroidManifest.xml:126:9-76
	android:name
		ADDED from src/main/AndroidManifest.xml:126:19-73
activity#com.aserbao.aserbaosandroid.AUtils.utils_realize.AUtilsRealizeActivity
ADDED from src/main/AndroidManifest.xml:127:9-80
	android:name
		ADDED from src/main/AndroidManifest.xml:127:19-77
activity#com.aserbao.aserbaosandroid.ui.animation.AnimationActivity
ADDED from src/main/AndroidManifest.xml:128:9-68
	android:name
		ADDED from src/main/AndroidManifest.xml:128:19-65
activity#com.aserbao.aserbaosandroid.ui.animation.fragments3DAnimation.Fragment3DAnimationActivity
ADDED from src/main/AndroidManifest.xml:129:9-99
	android:name
		ADDED from src/main/AndroidManifest.xml:129:19-96
activity#com.aserbao.aserbaosandroid.ui.animation.recyclerItemAnimation.RecyclerViewItemAnimationActivity
ADDED from src/main/AndroidManifest.xml:130:9-106
	android:name
		ADDED from src/main/AndroidManifest.xml:130:19-103
activity#com.aserbao.aserbaosandroid.ui.animation.cubeAnimation.CubeAnimationActivity
ADDED from src/main/AndroidManifest.xml:131:9-86
	android:name
		ADDED from src/main/AndroidManifest.xml:131:19-83
activity#com.aserbao.aserbaosandroid.functions.events.recyclerviewEvent.RecyclerViewEventActivity
ADDED from src/main/AndroidManifest.xml:132:9-98
	android:name
		ADDED from src/main/AndroidManifest.xml:132:19-95
activity#com.aserbao.aserbaosandroid.functions.iamgePhotoshop.ImagePhotoShopActivity
ADDED from src/main/AndroidManifest.xml:133:9-85
	android:name
		ADDED from src/main/AndroidManifest.xml:133:19-82
activity#com.aserbao.aserbaosandroid.functions.iamgePhotoshop.blur.ImageBlurActivity
ADDED from src/main/AndroidManifest.xml:134:9-85
	android:name
		ADDED from src/main/AndroidManifest.xml:134:19-82
activity#com.aserbao.aserbaosandroid.functions.iamgePhotoshop.compound.CompoundActivity
ADDED from src/main/AndroidManifest.xml:135:9-88
	android:name
		ADDED from src/main/AndroidManifest.xml:135:19-85
activity#com.aserbao.aserbaosandroid.ui.rv.addItemRecyclerView.AddRecyclerViewActivity
ADDED from src/main/AndroidManifest.xml:136:9-87
	android:name
		ADDED from src/main/AndroidManifest.xml:136:19-84
activity#com.aserbao.aserbaosandroid.ui.texts.editTexts.others.OthersActivity
ADDED from src/main/AndroidManifest.xml:137:9-78
	android:name
		ADDED from src/main/AndroidManifest.xml:137:19-75
activity#com.aserbao.aserbaosandroid.TestActivity
ADDED from src/main/AndroidManifest.xml:138:9-50
	android:name
		ADDED from src/main/AndroidManifest.xml:138:19-47
activity#com.aserbao.aserbaosandroid.AudioAndVideo.AudioAndVideoActivity
ADDED from src/main/AndroidManifest.xml:139:9-73
	android:name
		ADDED from src/main/AndroidManifest.xml:139:19-70
activity#com.aserbao.aserbaosandroid.AudioAndVideo.jnis.JnisActivity
ADDED from src/main/AndroidManifest.xml:140:9-69
	android:name
		ADDED from src/main/AndroidManifest.xml:140:19-66
activity#com.aserbao.aserbaosandroid.AudioAndVideo.jnis.javaCallC.JavaCallCActivity
ADDED from src/main/AndroidManifest.xml:141:9-84
	android:name
		ADDED from src/main/AndroidManifest.xml:141:19-81
activity#com.aserbao.aserbaosandroid.functions.database.greenDao.relation.GreenDaoRelationActivity
ADDED from src/main/AndroidManifest.xml:142:9-99
	android:name
		ADDED from src/main/AndroidManifest.xml:142:19-96
activity#com.aserbao.aserbaosandroid.functions.database.greenDao.GreenDaoActivity
ADDED from src/main/AndroidManifest.xml:143:9-82
	android:name
		ADDED from src/main/AndroidManifest.xml:143:19-79
activity#com.aserbao.aserbaosandroid.other.OthersActivity
ADDED from src/main/AndroidManifest.xml:144:9-58
	android:name
		ADDED from src/main/AndroidManifest.xml:144:19-55
activity#com.aserbao.aserbaosandroid.other.compare.CompareActivity
ADDED from src/main/AndroidManifest.xml:145:9-67
	android:name
		ADDED from src/main/AndroidManifest.xml:145:19-64
activity#com.aserbao.aserbaosandroid.AudioAndVideo.media.image2video.Image2VideoActivity
ADDED from src/main/AndroidManifest.xml:146:9-89
	android:name
		ADDED from src/main/AndroidManifest.xml:146:19-86
activity#com.aserbao.aserbaosandroid.AudioAndVideo.media.image2video.jcodec.JCodecImage2VideoActivity
ADDED from src/main/AndroidManifest.xml:147:9-102
	android:name
		ADDED from src/main/AndroidManifest.xml:147:19-99
activity#com.aserbao.aserbaosandroid.functions.how_create_so.HowCreateSoActivity
ADDED from src/main/AndroidManifest.xml:148:9-81
	android:name
		ADDED from src/main/AndroidManifest.xml:148:19-78
activity#com.aserbao.aserbaosandroid.functions.how_create_so.useNdk.UseNdkBuildSoActivity
ADDED from src/main/AndroidManifest.xml:149:9-90
	android:name
		ADDED from src/main/AndroidManifest.xml:149:19-87
activity#com.aserbao.aserbaosandroid.functions.how_create_so.useCmake.UseCMakeBuildSoActivity
ADDED from src/main/AndroidManifest.xml:150:9-94
	android:name
		ADDED from src/main/AndroidManifest.xml:150:19-91
activity#com.aserbao.aserbaosandroid.functions.how_create_so.useNdkBuild.UseNdkBuildActivity
ADDED from src/main/AndroidManifest.xml:151:9-93
	android:name
		ADDED from src/main/AndroidManifest.xml:151:19-90
activity#com.aserbao.aserbaosandroid.functions.sensors.SharkActivity
ADDED from src/main/AndroidManifest.xml:152:9-69
	android:name
		ADDED from src/main/AndroidManifest.xml:152:19-66
activity#com.aserbao.aserbaosandroid.ui.animation.lottie.LottieActivity
ADDED from src/main/AndroidManifest.xml:153:9-72
	android:name
		ADDED from src/main/AndroidManifest.xml:153:19-69
activity#com.aserbao.aserbaosandroid.functions.sensors.SensorsActivity
ADDED from src/main/AndroidManifest.xml:154:9-71
	android:name
		ADDED from src/main/AndroidManifest.xml:154:19-68
activity#com.aserbao.aserbaosandroid.functions.sensors.testSensorData.TestSensorDataActivity
ADDED from src/main/AndroidManifest.xml:155:9-157:52
	android:screenOrientation
		ADDED from src/main/AndroidManifest.xml:157:13-49
	android:name
		ADDED from src/main/AndroidManifest.xml:156:13-84
activity#com.aserbao.aserbaosandroid.AudioAndVideo.detail_Info.DetailInfoActivity
ADDED from src/main/AndroidManifest.xml:158:9-82
	android:name
		ADDED from src/main/AndroidManifest.xml:158:19-79
activity#com.aserbao.aserbaosandroid.AudioAndVideo.detail_Info.iamgeInfo.ImageInfoActivity
ADDED from src/main/AndroidManifest.xml:159:9-91
	android:name
		ADDED from src/main/AndroidManifest.xml:159:19-88
activity#com.aserbao.aserbaosandroid.functions.network.NetWorkActivity
ADDED from src/main/AndroidManifest.xml:160:9-71
	android:name
		ADDED from src/main/AndroidManifest.xml:160:19-68
activity#com.aserbao.aserbaosandroid.functions.network.okhttp.OkhttpActivity
ADDED from src/main/AndroidManifest.xml:161:9-77
	android:name
		ADDED from src/main/AndroidManifest.xml:161:19-74
activity#com.aserbao.aserbaosandroid.ui.cardView.CardViewActivity
ADDED from src/main/AndroidManifest.xml:162:9-66
	android:name
		ADDED from src/main/AndroidManifest.xml:162:19-63
activity#com.aserbao.aserbaosandroid.ui.cardView.simpleCardView.SimpleCardViewActivity
ADDED from src/main/AndroidManifest.xml:163:9-87
	android:name
		ADDED from src/main/AndroidManifest.xml:163:19-84
activity#com.aserbao.aserbaosandroid.ui.texts.editTexts.customEdittext.CustomEditTextActivity
ADDED from src/main/AndroidManifest.xml:164:9-166:52
	android:screenOrientation
		ADDED from src/main/AndroidManifest.xml:166:13-49
	android:name
		ADDED from src/main/AndroidManifest.xml:165:13-85
activity#com.aserbao.aserbaosandroid.functions.network.retrofit.RetrofitActivity
ADDED from src/main/AndroidManifest.xml:167:9-81
	android:name